{"C:\\Users\\DAW\\Desktop\\RewindArcade\\backend\\server.js": {"path":"C:\\Users\\DAW\\Desktop\\RewindArcade\\backend\\server.js","statementMap":{"0":{"start":{"line":1,"column":16},"end":{"line":1,"column":34}},"1":{"start":{"line":2,"column":13},"end":{"line":2,"column":28}},"2":{"start":{"line":3,"column":15},"end":{"line":3,"column":32}},"3":{"start":{"line":6,"column":0},"end":{"line":6,"column":16}},"4":{"start":{"line":9,"column":35},"end":{"line":9,"column":57}},"5":{"start":{"line":12,"column":19},"end":{"line":12,"column":50}},"6":{"start":{"line":13,"column":20},"end":{"line":13,"column":52}},"7":{"start":{"line":14,"column":19},"end":{"line":14,"column":50}},"8":{"start":{"line":17,"column":12},"end":{"line":17,"column":28}},"9":{"start":{"line":18,"column":13},"end":{"line":18,"column":37}},"10":{"start":{"line":21,"column":0},"end":{"line":24,"column":4}},"11":{"start":{"line":25,"column":0},"end":{"line":25,"column":24}},"12":{"start":{"line":28,"column":0},"end":{"line":28,"column":33}},"13":{"start":{"line":29,"column":0},"end":{"line":29,"column":36}},"14":{"start":{"line":30,"column":0},"end":{"line":30,"column":34}},"15":{"start":{"line":33,"column":0},"end":{"line":35,"column":3}},"16":{"start":{"line":34,"column":2},"end":{"line":34,"column":52}},"17":{"start":{"line":39,"column":2},"end":{"line":52,"column":3}},"18":{"start":{"line":40,"column":4},"end":{"line":40,"column":67}},"19":{"start":{"line":41,"column":4},"end":{"line":41,"column":27}},"20":{"start":{"line":43,"column":4},"end":{"line":43,"column":54}},"21":{"start":{"line":44,"column":4},"end":{"line":44,"column":19}},"22":{"start":{"line":46,"column":4},"end":{"line":48,"column":7}},"23":{"start":{"line":47,"column":6},"end":{"line":47,"column":66}},"24":{"start":{"line":50,"column":4},"end":{"line":50,"column":60}},"25":{"start":{"line":51,"column":4},"end":{"line":51,"column":20}},"26":{"start":{"line":56,"column":0},"end":{"line":56,"column":14}}},"fnMap":{"0":{"name":"(anonymous_0)","decl":{"start":{"line":33,"column":13},"end":{"line":33,"column":14}},"loc":{"start":{"line":33,"column":27},"end":{"line":35,"column":1}},"line":33},"1":{"name":"startServer","decl":{"start":{"line":38,"column":15},"end":{"line":38,"column":26}},"loc":{"start":{"line":38,"column":29},"end":{"line":53,"column":1}},"line":38},"2":{"name":"(anonymous_2)","decl":{"start":{"line":46,"column":21},"end":{"line":46,"column":22}},"loc":{"start":{"line":46,"column":27},"end":{"line":48,"column":5}},"line":46}},"branchMap":{"0":{"loc":{"start":{"line":18,"column":13},"end":{"line":18,"column":37}},"type":"binary-expr","locations":[{"start":{"line":18,"column":13},"end":{"line":18,"column":29}},{"start":{"line":18,"column":33},"end":{"line":18,"column":37}}],"line":18}},"s":{"0":0,"1":0,"2":0,"3":0,"4":0,"5":0,"6":0,"7":0,"8":0,"9":0,"10":0,"11":0,"12":0,"13":0,"14":0,"15":0,"16":0,"17":0,"18":0,"19":0,"20":0,"21":0,"22":0,"23":0,"24":0,"25":0,"26":0},"f":{"0":0,"1":0,"2":0},"b":{"0":[0,0]},"inputSourceMap":null}
,"C:\\Users\\DAW\\Desktop\\RewindArcade\\backend\\config\\db.js": {"path":"C:\\Users\\DAW\\Desktop\\RewindArcade\\backend\\config\\db.js","statementMap":{"0":{"start":{"line":1,"column":17},"end":{"line":1,"column":30}},"1":{"start":{"line":2,"column":15},"end":{"line":2,"column":32}},"2":{"start":{"line":3,"column":15},"end":{"line":3,"column":32}},"3":{"start":{"line":5,"column":0},"end":{"line":5,"column":16}},"4":{"start":{"line":8,"column":0},"end":{"line":20,"column":1}},"5":{"start":{"line":10,"column":2},"end":{"line":13,"column":5}},"6":{"start":{"line":16,"column":2},"end":{"line":19,"column":5}},"7":{"start":{"line":24,"column":2},"end":{"line":34,"column":3}},"8":{"start":{"line":25,"column":4},"end":{"line":25,"column":77}},"9":{"start":{"line":26,"column":4},"end":{"line":26,"column":90}},"10":{"start":{"line":27,"column":19},"end":{"line":27,"column":39}},"11":{"start":{"line":28,"column":4},"end":{"line":28,"column":61}},"12":{"start":{"line":29,"column":4},"end":{"line":29,"column":21}},"13":{"start":{"line":30,"column":4},"end":{"line":30,"column":16}},"14":{"start":{"line":32,"column":4},"end":{"line":32,"column":58}},"15":{"start":{"line":33,"column":4},"end":{"line":33,"column":17}},"16":{"start":{"line":39,"column":17},"end":{"line":39,"column":37}},"17":{"start":{"line":40,"column":2},"end":{"line":114,"column":3}},"18":{"start":{"line":41,"column":4},"end":{"line":41,"column":32}},"19":{"start":{"line":44,"column":4},"end":{"line":53,"column":7}},"20":{"start":{"line":56,"column":4},"end":{"line":64,"column":7}},"21":{"start":{"line":67,"column":4},"end":{"line":75,"column":7}},"22":{"start":{"line":78,"column":4},"end":{"line":89,"column":7}},"23":{"start":{"line":92,"column":32},"end":{"line":92,"column":65}},"24":{"start":{"line":93,"column":4},"end":{"line":97,"column":30}},"25":{"start":{"line":100,"column":31},"end":{"line":100,"column":63}},"26":{"start":{"line":101,"column":4},"end":{"line":105,"column":29}},"27":{"start":{"line":107,"column":4},"end":{"line":107,"column":33}},"28":{"start":{"line":108,"column":4},"end":{"line":108,"column":62}},"29":{"start":{"line":110,"column":4},"end":{"line":110,"column":35}},"30":{"start":{"line":111,"column":4},"end":{"line":111,"column":59}},"31":{"start":{"line":113,"column":4},"end":{"line":113,"column":21}},"32":{"start":{"line":118,"column":17},"end":{"line":118,"column":37}},"33":{"start":{"line":119,"column":2},"end":{"line":143,"column":3}},"34":{"start":{"line":120,"column":4},"end":{"line":120,"column":32}},"35":{"start":{"line":121,"column":4},"end":{"line":121,"column":45}},"36":{"start":{"line":122,"column":4},"end":{"line":122,"column":44}},"37":{"start":{"line":123,"column":4},"end":{"line":123,"column":149}},"38":{"start":{"line":125,"column":32},"end":{"line":125,"column":65}},"39":{"start":{"line":126,"column":4},"end":{"line":130,"column":30}},"40":{"start":{"line":131,"column":31},"end":{"line":131,"column":63}},"41":{"start":{"line":132,"column":4},"end":{"line":136,"column":29}},"42":{"start":{"line":137,"column":4},"end":{"line":137,"column":33}},"43":{"start":{"line":139,"column":4},"end":{"line":139,"column":35}},"44":{"start":{"line":140,"column":4},"end":{"line":140,"column":16}},"45":{"start":{"line":142,"column":4},"end":{"line":142,"column":21}},"46":{"start":{"line":146,"column":0},"end":{"line":151,"column":2}}},"fnMap":{"0":{"name":"testConnection","decl":{"start":{"line":23,"column":15},"end":{"line":23,"column":29}},"loc":{"start":{"line":23,"column":32},"end":{"line":35,"column":1}},"line":23},"1":{"name":"initDb","decl":{"start":{"line":38,"column":15},"end":{"line":38,"column":21}},"loc":{"start":{"line":38,"column":24},"end":{"line":115,"column":1}},"line":38},"2":{"name":"resetDb","decl":{"start":{"line":117,"column":15},"end":{"line":117,"column":22}},"loc":{"start":{"line":117,"column":25},"end":{"line":144,"column":1}},"line":117}},"branchMap":{"0":{"loc":{"start":{"line":8,"column":0},"end":{"line":20,"column":1}},"type":"if","locations":[{"start":{"line":8,"column":0},"end":{"line":20,"column":1}},{"start":{"line":14,"column":7},"end":{"line":20,"column":1}}],"line":8},"1":{"loc":{"start":{"line":11,"column":22},"end":{"line":11,"column":79}},"type":"binary-expr","locations":[{"start":{"line":11,"column":22},"end":{"line":11,"column":51}},{"start":{"line":11,"column":55},"end":{"line":11,"column":79}}],"line":11},"2":{"loc":{"start":{"line":12,"column":9},"end":{"line":12,"column":78}},"type":"cond-expr","locations":[{"start":{"line":12,"column":41},"end":{"line":12,"column":46}},{"start":{"line":12,"column":49},"end":{"line":12,"column":78}}],"line":12},"3":{"loc":{"start":{"line":26,"column":38},"end":{"line":26,"column":88}},"type":"cond-expr","locations":[{"start":{"line":26,"column":65},"end":{"line":26,"column":74}},{"start":{"line":26,"column":77},"end":{"line":26,"column":88}}],"line":26}},"s":{"0":3,"1":3,"2":3,"3":3,"4":3,"5":3,"6":0,"7":0,"8":0,"9":0,"10":0,"11":0,"12":0,"13":0,"14":0,"15":0,"16":0,"17":0,"18":0,"19":0,"20":0,"21":0,"22":0,"23":0,"24":0,"25":0,"26":0,"27":0,"28":0,"29":0,"30":0,"31":0,"32":0,"33":0,"34":0,"35":0,"36":0,"37":0,"38":0,"39":0,"40":0,"41":0,"42":0,"43":0,"44":0,"45":0,"46":3},"f":{"0":0,"1":0,"2":0},"b":{"0":[3,0],"1":[3,3],"2":[0,3],"3":[0,0]},"inputSourceMap":null,"_coverageSchema":"1a1c01bbd47fc00a2c39e90264f33305004495a9","hash":"ab4f609fd503864232549149df50e2ff44ab8a0d"}
,"C:\\Users\\DAW\\Desktop\\RewindArcade\\backend\\middleware\\auth.middleware.js": {"path":"C:\\Users\\DAW\\Desktop\\RewindArcade\\backend\\middleware\\auth.middleware.js","statementMap":{"0":{"start":{"line":1,"column":12},"end":{"line":1,"column":35}},"1":{"start":{"line":3,"column":20},"end":{"line":24,"column":1}},"2":{"start":{"line":4,"column":16},"end":{"line":4,"column":56}},"3":{"start":{"line":6,"column":2},"end":{"line":8,"column":3}},"4":{"start":{"line":7,"column":4},"end":{"line":7,"column":66}},"5":{"start":{"line":10,"column":2},"end":{"line":23,"column":3}},"6":{"start":{"line":11,"column":20},"end":{"line":11,"column":61}},"7":{"start":{"line":14,"column":4},"end":{"line":14,"column":28}},"8":{"start":{"line":15,"column":4},"end":{"line":15,"column":32}},"9":{"start":{"line":18,"column":4},"end":{"line":18,"column":54}},"10":{"start":{"line":20,"column":4},"end":{"line":20,"column":11}},"11":{"start":{"line":22,"column":4},"end":{"line":22,"column":62}},"12":{"start":{"line":26,"column":16},"end":{"line":31,"column":1}},"13":{"start":{"line":27,"column":2},"end":{"line":29,"column":3}},"14":{"start":{"line":28,"column":4},"end":{"line":28,"column":74}},"15":{"start":{"line":30,"column":2},"end":{"line":30,"column":9}},"16":{"start":{"line":33,"column":0},"end":{"line":36,"column":2}}},"fnMap":{"0":{"name":"(anonymous_0)","decl":{"start":{"line":3,"column":20},"end":{"line":3,"column":21}},"loc":{"start":{"line":3,"column":40},"end":{"line":24,"column":1}},"line":3},"1":{"name":"(anonymous_1)","decl":{"start":{"line":26,"column":16},"end":{"line":26,"column":17}},"loc":{"start":{"line":26,"column":36},"end":{"line":31,"column":1}},"line":26}},"branchMap":{"0":{"loc":{"start":{"line":6,"column":2},"end":{"line":8,"column":3}},"type":"if","locations":[{"start":{"line":6,"column":2},"end":{"line":8,"column":3}},{"start":{},"end":{}}],"line":6},"1":{"loc":{"start":{"line":27,"column":2},"end":{"line":29,"column":3}},"type":"if","locations":[{"start":{"line":27,"column":2},"end":{"line":29,"column":3}},{"start":{},"end":{}}],"line":27}},"s":{"0":3,"1":3,"2":14,"3":14,"4":1,"5":13,"6":13,"7":12,"8":12,"9":12,"10":12,"11":1,"12":3,"13":5,"14":0,"15":5,"16":3},"f":{"0":14,"1":5},"b":{"0":[1,13],"1":[0,5]},"inputSourceMap":null,"_coverageSchema":"1a1c01bbd47fc00a2c39e90264f33305004495a9","hash":"52be45563c2934c1d0bca08bf226a76c5f5589d7"}
,"C:\\Users\\DAW\\Desktop\\RewindArcade\\backend\\routes\\auth.routes.js": {"path":"C:\\Users\\DAW\\Desktop\\RewindArcade\\backend\\routes\\auth.routes.js","statementMap":{"0":{"start":{"line":1,"column":16},"end":{"line":1,"column":34}},"1":{"start":{"line":2,"column":15},"end":{"line":2,"column":32}},"2":{"start":{"line":3,"column":12},"end":{"line":3,"column":35}},"3":{"start":{"line":4,"column":17},"end":{"line":4,"column":40}},"4":{"start":{"line":5,"column":33},"end":{"line":5,"column":73}},"5":{"start":{"line":7,"column":15},"end":{"line":7,"column":31}},"6":{"start":{"line":10,"column":0},"end":{"line":62,"column":3}},"7":{"start":{"line":11,"column":2},"end":{"line":61,"column":3}},"8":{"start":{"line":12,"column":42},"end":{"line":12,"column":50}},"9":{"start":{"line":14,"column":4},"end":{"line":16,"column":5}},"10":{"start":{"line":15,"column":6},"end":{"line":15,"column":74}},"11":{"start":{"line":19,"column":19},"end":{"line":19,"column":39}},"12":{"start":{"line":20,"column":27},"end":{"line":20,"column":94}},"13":{"start":{"line":22,"column":4},"end":{"line":25,"column":5}},"14":{"start":{"line":23,"column":6},"end":{"line":23,"column":23}},"15":{"start":{"line":24,"column":6},"end":{"line":24,"column":71}},"16":{"start":{"line":28,"column":30},"end":{"line":28,"column":103}},"17":{"start":{"line":30,"column":4},"end":{"line":33,"column":5}},"18":{"start":{"line":31,"column":6},"end":{"line":31,"column":23}},"19":{"start":{"line":32,"column":6},"end":{"line":32,"column":74}},"20":{"start":{"line":36,"column":27},"end":{"line":36,"column":58}},"21":{"start":{"line":39,"column":19},"end":{"line":42,"column":5}},"22":{"start":{"line":44,"column":4},"end":{"line":44,"column":21}},"23":{"start":{"line":47,"column":18},"end":{"line":51,"column":5}},"24":{"start":{"line":53,"column":4},"end":{"line":57,"column":7}},"25":{"start":{"line":59,"column":4},"end":{"line":59,"column":48}},"26":{"start":{"line":60,"column":4},"end":{"line":60,"column":61}},"27":{"start":{"line":65,"column":0},"end":{"line":121,"column":3}},"28":{"start":{"line":66,"column":2},"end":{"line":120,"column":3}},"29":{"start":{"line":67,"column":32},"end":{"line":67,"column":40}},"30":{"start":{"line":69,"column":4},"end":{"line":69,"column":45}},"31":{"start":{"line":71,"column":4},"end":{"line":74,"column":5}},"32":{"start":{"line":72,"column":6},"end":{"line":72,"column":61}},"33":{"start":{"line":73,"column":6},"end":{"line":73,"column":82}},"34":{"start":{"line":76,"column":19},"end":{"line":76,"column":39}},"35":{"start":{"line":79,"column":18},"end":{"line":79,"column":85}},"36":{"start":{"line":81,"column":4},"end":{"line":81,"column":66}},"37":{"start":{"line":83,"column":4},"end":{"line":83,"column":21}},"38":{"start":{"line":85,"column":4},"end":{"line":88,"column":5}},"39":{"start":{"line":86,"column":6},"end":{"line":86,"column":50}},"40":{"start":{"line":87,"column":6},"end":{"line":87,"column":70}},"41":{"start":{"line":90,"column":17},"end":{"line":90,"column":30}},"42":{"start":{"line":93,"column":28},"end":{"line":93,"column":73}},"43":{"start":{"line":95,"column":4},"end":{"line":95,"column":57}},"44":{"start":{"line":97,"column":4},"end":{"line":100,"column":5}},"45":{"start":{"line":98,"column":6},"end":{"line":98,"column":52}},"46":{"start":{"line":99,"column":6},"end":{"line":99,"column":70}},"47":{"start":{"line":103,"column":18},"end":{"line":107,"column":5}},"48":{"start":{"line":110,"column":52},"end":{"line":110,"column":56}},"49":{"start":{"line":112,"column":4},"end":{"line":116,"column":7}},"50":{"start":{"line":118,"column":4},"end":{"line":118,"column":41}},"51":{"start":{"line":119,"column":4},"end":{"line":119,"column":54}},"52":{"start":{"line":124,"column":0},"end":{"line":144,"column":3}},"53":{"start":{"line":125,"column":2},"end":{"line":143,"column":3}},"54":{"start":{"line":126,"column":19},"end":{"line":126,"column":39}},"55":{"start":{"line":128,"column":18},"end":{"line":131,"column":5}},"56":{"start":{"line":133,"column":4},"end":{"line":133,"column":21}},"57":{"start":{"line":135,"column":4},"end":{"line":137,"column":5}},"58":{"start":{"line":136,"column":6},"end":{"line":136,"column":65}},"59":{"start":{"line":139,"column":4},"end":{"line":139,"column":50}},"60":{"start":{"line":141,"column":4},"end":{"line":141,"column":47}},"61":{"start":{"line":142,"column":4},"end":{"line":142,"column":63}},"62":{"start":{"line":149,"column":0},"end":{"line":170,"column":3}},"63":{"start":{"line":150,"column":2},"end":{"line":169,"column":3}},"64":{"start":{"line":151,"column":19},"end":{"line":151,"column":39}},"65":{"start":{"line":153,"column":18},"end":{"line":155,"column":5}},"66":{"start":{"line":157,"column":4},"end":{"line":157,"column":21}},"67":{"start":{"line":160,"column":22},"end":{"line":163,"column":6}},"68":{"start":{"line":161,"column":51},"end":{"line":161,"column":55}},"69":{"start":{"line":162,"column":6},"end":{"line":162,"column":33}},"70":{"start":{"line":165,"column":4},"end":{"line":165,"column":47}},"71":{"start":{"line":167,"column":4},"end":{"line":167,"column":49}},"72":{"start":{"line":168,"column":4},"end":{"line":168,"column":61}},"73":{"start":{"line":173,"column":0},"end":{"line":207,"column":3}},"74":{"start":{"line":174,"column":2},"end":{"line":206,"column":3}},"75":{"start":{"line":175,"column":19},"end":{"line":175,"column":29}},"76":{"start":{"line":178,"column":4},"end":{"line":180,"column":5}},"77":{"start":{"line":179,"column":6},"end":{"line":179,"column":81}},"78":{"start":{"line":182,"column":19},"end":{"line":182,"column":39}},"79":{"start":{"line":184,"column":18},"end":{"line":187,"column":5}},"80":{"start":{"line":189,"column":4},"end":{"line":192,"column":5}},"81":{"start":{"line":190,"column":6},"end":{"line":190,"column":23}},"82":{"start":{"line":191,"column":6},"end":{"line":191,"column":65}},"83":{"start":{"line":195,"column":4},"end":{"line":198,"column":6}},"84":{"start":{"line":200,"column":4},"end":{"line":200,"column":21}},"85":{"start":{"line":202,"column":4},"end":{"line":202,"column":67}},"86":{"start":{"line":204,"column":4},"end":{"line":204,"column":47}},"87":{"start":{"line":205,"column":4},"end":{"line":205,"column":63}},"88":{"start":{"line":210,"column":0},"end":{"line":257,"column":3}},"89":{"start":{"line":211,"column":2},"end":{"line":256,"column":3}},"90":{"start":{"line":212,"column":19},"end":{"line":212,"column":29}},"91":{"start":{"line":213,"column":21},"end":{"line":213,"column":29}},"92":{"start":{"line":215,"column":4},"end":{"line":217,"column":5}},"93":{"start":{"line":216,"column":6},"end":{"line":216,"column":63}},"94":{"start":{"line":220,"column":4},"end":{"line":222,"column":5}},"95":{"start":{"line":221,"column":6},"end":{"line":221,"column":78}},"96":{"start":{"line":224,"column":19},"end":{"line":224,"column":39}},"97":{"start":{"line":226,"column":18},"end":{"line":229,"column":5}},"98":{"start":{"line":231,"column":4},"end":{"line":234,"column":5}},"99":{"start":{"line":232,"column":6},"end":{"line":232,"column":23}},"100":{"start":{"line":233,"column":6},"end":{"line":233,"column":65}},"101":{"start":{"line":237,"column":4},"end":{"line":240,"column":6}},"102":{"start":{"line":242,"column":25},"end":{"line":245,"column":5}},"103":{"start":{"line":247,"column":4},"end":{"line":247,"column":21}},"104":{"start":{"line":249,"column":4},"end":{"line":252,"column":7}},"105":{"start":{"line":254,"column":4},"end":{"line":254,"column":52}},"106":{"start":{"line":255,"column":4},"end":{"line":255,"column":68}},"107":{"start":{"line":259,"column":0},"end":{"line":259,"column":24}}},"fnMap":{"0":{"name":"(anonymous_0)","decl":{"start":{"line":10,"column":25},"end":{"line":10,"column":26}},"loc":{"start":{"line":10,"column":45},"end":{"line":62,"column":1}},"line":10},"1":{"name":"(anonymous_1)","decl":{"start":{"line":65,"column":22},"end":{"line":65,"column":23}},"loc":{"start":{"line":65,"column":42},"end":{"line":121,"column":1}},"line":65},"2":{"name":"(anonymous_2)","decl":{"start":{"line":124,"column":31},"end":{"line":124,"column":32}},"loc":{"start":{"line":124,"column":51},"end":{"line":144,"column":1}},"line":124},"3":{"name":"(anonymous_3)","decl":{"start":{"line":149,"column":43},"end":{"line":149,"column":44}},"loc":{"start":{"line":149,"column":63},"end":{"line":170,"column":1}},"line":149},"4":{"name":"(anonymous_4)","decl":{"start":{"line":160,"column":37},"end":{"line":160,"column":38}},"loc":{"start":{"line":160,"column":45},"end":{"line":163,"column":5}},"line":160},"5":{"name":"(anonymous_5)","decl":{"start":{"line":173,"column":50},"end":{"line":173,"column":51}},"loc":{"start":{"line":173,"column":70},"end":{"line":207,"column":1}},"line":173},"6":{"name":"(anonymous_6)","decl":{"start":{"line":210,"column":54},"end":{"line":210,"column":55}},"loc":{"start":{"line":210,"column":74},"end":{"line":257,"column":1}},"line":210}},"branchMap":{"0":{"loc":{"start":{"line":14,"column":4},"end":{"line":16,"column":5}},"type":"if","locations":[{"start":{"line":14,"column":4},"end":{"line":16,"column":5}},{"start":{},"end":{}}],"line":14},"1":{"loc":{"start":{"line":14,"column":8},"end":{"line":14,"column":40}},"type":"binary-expr","locations":[{"start":{"line":14,"column":8},"end":{"line":14,"column":17}},{"start":{"line":14,"column":21},"end":{"line":14,"column":27}},{"start":{"line":14,"column":31},"end":{"line":14,"column":40}}],"line":14},"2":{"loc":{"start":{"line":22,"column":4},"end":{"line":25,"column":5}},"type":"if","locations":[{"start":{"line":22,"column":4},"end":{"line":25,"column":5}},{"start":{},"end":{}}],"line":22},"3":{"loc":{"start":{"line":30,"column":4},"end":{"line":33,"column":5}},"type":"if","locations":[{"start":{"line":30,"column":4},"end":{"line":33,"column":5}},{"start":{},"end":{}}],"line":30},"4":{"loc":{"start":{"line":71,"column":4},"end":{"line":74,"column":5}},"type":"if","locations":[{"start":{"line":71,"column":4},"end":{"line":74,"column":5}},{"start":{},"end":{}}],"line":71},"5":{"loc":{"start":{"line":71,"column":8},"end":{"line":71,"column":27}},"type":"binary-expr","locations":[{"start":{"line":71,"column":8},"end":{"line":71,"column":14}},{"start":{"line":71,"column":18},"end":{"line":71,"column":27}}],"line":71},"6":{"loc":{"start":{"line":85,"column":4},"end":{"line":88,"column":5}},"type":"if","locations":[{"start":{"line":85,"column":4},"end":{"line":88,"column":5}},{"start":{},"end":{}}],"line":85},"7":{"loc":{"start":{"line":97,"column":4},"end":{"line":100,"column":5}},"type":"if","locations":[{"start":{"line":97,"column":4},"end":{"line":100,"column":5}},{"start":{},"end":{}}],"line":97},"8":{"loc":{"start":{"line":135,"column":4},"end":{"line":137,"column":5}},"type":"if","locations":[{"start":{"line":135,"column":4},"end":{"line":137,"column":5}},{"start":{},"end":{}}],"line":135},"9":{"loc":{"start":{"line":178,"column":4},"end":{"line":180,"column":5}},"type":"if","locations":[{"start":{"line":178,"column":4},"end":{"line":180,"column":5}},{"start":{},"end":{}}],"line":178},"10":{"loc":{"start":{"line":189,"column":4},"end":{"line":192,"column":5}},"type":"if","locations":[{"start":{"line":189,"column":4},"end":{"line":192,"column":5}},{"start":{},"end":{}}],"line":189},"11":{"loc":{"start":{"line":215,"column":4},"end":{"line":217,"column":5}},"type":"if","locations":[{"start":{"line":215,"column":4},"end":{"line":217,"column":5}},{"start":{},"end":{}}],"line":215},"12":{"loc":{"start":{"line":215,"column":8},"end":{"line":215,"column":50}},"type":"binary-expr","locations":[{"start":{"line":215,"column":8},"end":{"line":215,"column":13}},{"start":{"line":215,"column":17},"end":{"line":215,"column":50}}],"line":215},"13":{"loc":{"start":{"line":220,"column":4},"end":{"line":222,"column":5}},"type":"if","locations":[{"start":{"line":220,"column":4},"end":{"line":222,"column":5}},{"start":{},"end":{}}],"line":220},"14":{"loc":{"start":{"line":231,"column":4},"end":{"line":234,"column":5}},"type":"if","locations":[{"start":{"line":231,"column":4},"end":{"line":234,"column":5}},{"start":{},"end":{}}],"line":231}},"s":{"0":3,"1":3,"2":3,"3":3,"4":3,"5":3,"6":3,"7":0,"8":0,"9":0,"10":0,"11":0,"12":0,"13":0,"14":0,"15":0,"16":0,"17":0,"18":0,"19":0,"20":0,"21":0,"22":0,"23":0,"24":0,"25":0,"26":0,"27":3,"28":14,"29":14,"30":14,"31":14,"32":0,"33":0,"34":14,"35":14,"36":14,"37":14,"38":14,"39":2,"40":2,"41":12,"42":12,"43":12,"44":12,"45":0,"46":0,"47":12,"48":12,"49":12,"50":0,"51":0,"52":3,"53":7,"54":7,"55":7,"56":7,"57":7,"58":0,"59":7,"60":0,"61":0,"62":3,"63":0,"64":0,"65":0,"66":0,"67":0,"68":0,"69":0,"70":0,"71":0,"72":0,"73":3,"74":0,"75":0,"76":0,"77":0,"78":0,"79":0,"80":0,"81":0,"82":0,"83":0,"84":0,"85":0,"86":0,"87":0,"88":3,"89":0,"90":0,"91":0,"92":0,"93":0,"94":0,"95":0,"96":0,"97":0,"98":0,"99":0,"100":0,"101":0,"102":0,"103":0,"104":0,"105":0,"106":0,"107":3},"f":{"0":0,"1":14,"2":7,"3":0,"4":0,"5":0,"6":0},"b":{"0":[0,0],"1":[0,0,0],"2":[0,0],"3":[0,0],"4":[0,14],"5":[14,14],"6":[2,12],"7":[0,12],"8":[0,7],"9":[0,0],"10":[0,0],"11":[0,0],"12":[0,0],"13":[0,0],"14":[0,0]},"inputSourceMap":null,"_coverageSchema":"1a1c01bbd47fc00a2c39e90264f33305004495a9","hash":"03e54125a567051052e1b450d173188d5de206f3"}
,"C:\\Users\\DAW\\Desktop\\RewindArcade\\backend\\routes\\game.routes.js": {"path":"C:\\Users\\DAW\\Desktop\\RewindArcade\\backend\\routes\\game.routes.js","statementMap":{"0":{"start":{"line":1,"column":16},"end":{"line":1,"column":34}},"1":{"start":{"line":2,"column":17},"end":{"line":2,"column":40}},"2":{"start":{"line":3,"column":33},"end":{"line":3,"column":73}},"3":{"start":{"line":5,"column":15},"end":{"line":5,"column":31}},"4":{"start":{"line":8,"column":0},"end":{"line":16,"column":3}},"5":{"start":{"line":9,"column":2},"end":{"line":15,"column":3}},"6":{"start":{"line":10,"column":19},"end":{"line":10,"column":72}},"7":{"start":{"line":11,"column":4},"end":{"line":11,"column":49}},"8":{"start":{"line":13,"column":4},"end":{"line":13,"column":45}},"9":{"start":{"line":14,"column":4},"end":{"line":14,"column":61}},"10":{"start":{"line":19,"column":0},"end":{"line":31,"column":3}},"11":{"start":{"line":20,"column":2},"end":{"line":30,"column":3}},"12":{"start":{"line":21,"column":19},"end":{"line":21,"column":29}},"13":{"start":{"line":22,"column":19},"end":{"line":22,"column":78}},"14":{"start":{"line":23,"column":4},"end":{"line":25,"column":5}},"15":{"start":{"line":24,"column":6},"end":{"line":24,"column":65}},"16":{"start":{"line":26,"column":4},"end":{"line":26,"column":51}},"17":{"start":{"line":28,"column":4},"end":{"line":28,"column":44}},"18":{"start":{"line":29,"column":4},"end":{"line":29,"column":60}},"19":{"start":{"line":34,"column":0},"end":{"line":55,"column":3}},"20":{"start":{"line":35,"column":2},"end":{"line":54,"column":3}},"21":{"start":{"line":36,"column":49},"end":{"line":36,"column":57}},"22":{"start":{"line":37,"column":4},"end":{"line":39,"column":5}},"23":{"start":{"line":38,"column":6},"end":{"line":38,"column":80}},"24":{"start":{"line":41,"column":21},"end":{"line":41,"column":99}},"25":{"start":{"line":42,"column":4},"end":{"line":44,"column":5}},"26":{"start":{"line":43,"column":6},"end":{"line":43,"column":91}},"27":{"start":{"line":45,"column":4},"end":{"line":48,"column":6}},"28":{"start":{"line":49,"column":19},"end":{"line":49,"column":78}},"29":{"start":{"line":50,"column":4},"end":{"line":50,"column":87}},"30":{"start":{"line":52,"column":4},"end":{"line":52,"column":44}},"31":{"start":{"line":53,"column":4},"end":{"line":53,"column":60}},"32":{"start":{"line":58,"column":0},"end":{"line":79,"column":3}},"33":{"start":{"line":59,"column":2},"end":{"line":78,"column":3}},"34":{"start":{"line":60,"column":19},"end":{"line":60,"column":29}},"35":{"start":{"line":61,"column":45},"end":{"line":61,"column":53}},"36":{"start":{"line":62,"column":4},"end":{"line":64,"column":5}},"37":{"start":{"line":63,"column":6},"end":{"line":63,"column":72}},"38":{"start":{"line":65,"column":21},"end":{"line":65,"column":81}},"39":{"start":{"line":66,"column":4},"end":{"line":68,"column":5}},"40":{"start":{"line":67,"column":6},"end":{"line":67,"column":65}},"41":{"start":{"line":69,"column":4},"end":{"line":72,"column":6}},"42":{"start":{"line":73,"column":19},"end":{"line":73,"column":78}},"43":{"start":{"line":74,"column":4},"end":{"line":74,"column":89}},"44":{"start":{"line":76,"column":4},"end":{"line":76,"column":47}},"45":{"start":{"line":77,"column":4},"end":{"line":77,"column":63}},"46":{"start":{"line":82,"column":0},"end":{"line":95,"column":3}},"47":{"start":{"line":83,"column":2},"end":{"line":94,"column":3}},"48":{"start":{"line":84,"column":19},"end":{"line":84,"column":29}},"49":{"start":{"line":85,"column":21},"end":{"line":85,"column":81}},"50":{"start":{"line":86,"column":4},"end":{"line":88,"column":5}},"51":{"start":{"line":87,"column":6},"end":{"line":87,"column":65}},"52":{"start":{"line":89,"column":4},"end":{"line":89,"column":62}},"53":{"start":{"line":90,"column":4},"end":{"line":90,"column":67}},"54":{"start":{"line":92,"column":4},"end":{"line":92,"column":47}},"55":{"start":{"line":93,"column":4},"end":{"line":93,"column":63}},"56":{"start":{"line":97,"column":0},"end":{"line":97,"column":24}}},"fnMap":{"0":{"name":"(anonymous_0)","decl":{"start":{"line":8,"column":16},"end":{"line":8,"column":17}},"loc":{"start":{"line":8,"column":36},"end":{"line":16,"column":1}},"line":8},"1":{"name":"(anonymous_1)","decl":{"start":{"line":19,"column":19},"end":{"line":19,"column":20}},"loc":{"start":{"line":19,"column":39},"end":{"line":31,"column":1}},"line":19},"2":{"name":"(anonymous_2)","decl":{"start":{"line":34,"column":39},"end":{"line":34,"column":40}},"loc":{"start":{"line":34,"column":59},"end":{"line":55,"column":1}},"line":34},"3":{"name":"(anonymous_3)","decl":{"start":{"line":58,"column":41},"end":{"line":58,"column":42}},"loc":{"start":{"line":58,"column":61},"end":{"line":79,"column":1}},"line":58},"4":{"name":"(anonymous_4)","decl":{"start":{"line":82,"column":44},"end":{"line":82,"column":45}},"loc":{"start":{"line":82,"column":64},"end":{"line":95,"column":1}},"line":82}},"branchMap":{"0":{"loc":{"start":{"line":23,"column":4},"end":{"line":25,"column":5}},"type":"if","locations":[{"start":{"line":23,"column":4},"end":{"line":25,"column":5}},{"start":{},"end":{}}],"line":23},"1":{"loc":{"start":{"line":37,"column":4},"end":{"line":39,"column":5}},"type":"if","locations":[{"start":{"line":37,"column":4},"end":{"line":39,"column":5}},{"start":{},"end":{}}],"line":37},"2":{"loc":{"start":{"line":37,"column":8},"end":{"line":37,"column":20}},"type":"binary-expr","locations":[{"start":{"line":37,"column":8},"end":{"line":37,"column":11}},{"start":{"line":37,"column":15},"end":{"line":37,"column":20}}],"line":37},"3":{"loc":{"start":{"line":42,"column":4},"end":{"line":44,"column":5}},"type":"if","locations":[{"start":{"line":42,"column":4},"end":{"line":44,"column":5}},{"start":{},"end":{}}],"line":42},"4":{"loc":{"start":{"line":47,"column":17},"end":{"line":47,"column":36}},"type":"binary-expr","locations":[{"start":{"line":47,"column":17},"end":{"line":47,"column":28}},{"start":{"line":47,"column":32},"end":{"line":47,"column":36}}],"line":47},"5":{"loc":{"start":{"line":47,"column":38},"end":{"line":47,"column":55}},"type":"binary-expr","locations":[{"start":{"line":47,"column":38},"end":{"line":47,"column":47}},{"start":{"line":47,"column":51},"end":{"line":47,"column":55}}],"line":47},"6":{"loc":{"start":{"line":62,"column":4},"end":{"line":64,"column":5}},"type":"if","locations":[{"start":{"line":62,"column":4},"end":{"line":64,"column":5}},{"start":{},"end":{}}],"line":62},"7":{"loc":{"start":{"line":66,"column":4},"end":{"line":68,"column":5}},"type":"if","locations":[{"start":{"line":66,"column":4},"end":{"line":68,"column":5}},{"start":{},"end":{}}],"line":66},"8":{"loc":{"start":{"line":71,"column":13},"end":{"line":71,"column":32}},"type":"binary-expr","locations":[{"start":{"line":71,"column":13},"end":{"line":71,"column":24}},{"start":{"line":71,"column":28},"end":{"line":71,"column":32}}],"line":71},"9":{"loc":{"start":{"line":71,"column":34},"end":{"line":71,"column":51}},"type":"binary-expr","locations":[{"start":{"line":71,"column":34},"end":{"line":71,"column":43}},{"start":{"line":71,"column":47},"end":{"line":71,"column":51}}],"line":71},"10":{"loc":{"start":{"line":86,"column":4},"end":{"line":88,"column":5}},"type":"if","locations":[{"start":{"line":86,"column":4},"end":{"line":88,"column":5}},{"start":{},"end":{}}],"line":86}},"s":{"0":3,"1":3,"2":3,"3":3,"4":3,"5":1,"6":1,"7":1,"8":0,"9":0,"10":3,"11":3,"12":3,"13":3,"14":3,"15":2,"16":1,"17":0,"18":0,"19":3,"20":3,"21":3,"22":3,"23":0,"24":3,"25":3,"26":2,"27":1,"28":1,"29":1,"30":0,"31":0,"32":3,"33":1,"34":1,"35":1,"36":1,"37":0,"38":1,"39":1,"40":0,"41":1,"42":1,"43":1,"44":0,"45":0,"46":3,"47":1,"48":1,"49":1,"50":1,"51":0,"52":1,"53":1,"54":0,"55":0,"56":3},"f":{"0":1,"1":3,"2":3,"3":1,"4":1},"b":{"0":[2,1],"1":[0,3],"2":[3,3],"3":[2,1],"4":[1,0],"5":[1,0],"6":[0,1],"7":[0,1],"8":[1,0],"9":[1,0],"10":[0,1]},"inputSourceMap":null,"_coverageSchema":"1a1c01bbd47fc00a2c39e90264f33305004495a9","hash":"5c60f548dd8ea8a2e6bc9bae39e1b613302d816c"}
,"C:\\Users\\DAW\\Desktop\\RewindArcade\\backend\\routes\\score.routes.js": {"path":"C:\\Users\\DAW\\Desktop\\RewindArcade\\backend\\routes\\score.routes.js","statementMap":{"0":{"start":{"line":1,"column":16},"end":{"line":1,"column":34}},"1":{"start":{"line":2,"column":17},"end":{"line":2,"column":40}},"2":{"start":{"line":3,"column":24},"end":{"line":3,"column":64}},"3":{"start":{"line":5,"column":15},"end":{"line":5,"column":31}},"4":{"start":{"line":8,"column":0},"end":{"line":40,"column":3}},"5":{"start":{"line":9,"column":2},"end":{"line":39,"column":3}},"6":{"start":{"line":10,"column":19},"end":{"line":23,"column":6}},"7":{"start":{"line":25,"column":19},"end":{"line":33,"column":7}},"8":{"start":{"line":25,"column":43},"end":{"line":33,"column":5}},"9":{"start":{"line":35,"column":4},"end":{"line":35,"column":37}},"10":{"start":{"line":37,"column":4},"end":{"line":37,"column":46}},"11":{"start":{"line":38,"column":4},"end":{"line":38,"column":62}},"12":{"start":{"line":43,"column":0},"end":{"line":80,"column":3}},"13":{"start":{"line":44,"column":2},"end":{"line":79,"column":3}},"14":{"start":{"line":45,"column":23},"end":{"line":45,"column":33}},"15":{"start":{"line":46,"column":18},"end":{"line":46,"column":49}},"16":{"start":{"line":48,"column":19},"end":{"line":63,"column":23}},"17":{"start":{"line":65,"column":19},"end":{"line":73,"column":7}},"18":{"start":{"line":65,"column":43},"end":{"line":73,"column":5}},"19":{"start":{"line":75,"column":4},"end":{"line":75,"column":37}},"20":{"start":{"line":77,"column":4},"end":{"line":77,"column":51}},"21":{"start":{"line":78,"column":4},"end":{"line":78,"column":67}},"22":{"start":{"line":83,"column":0},"end":{"line":118,"column":3}},"23":{"start":{"line":84,"column":2},"end":{"line":117,"column":3}},"24":{"start":{"line":85,"column":23},"end":{"line":85,"column":33}},"25":{"start":{"line":87,"column":19},"end":{"line":101,"column":16}},"26":{"start":{"line":103,"column":19},"end":{"line":111,"column":7}},"27":{"start":{"line":103,"column":43},"end":{"line":111,"column":5}},"28":{"start":{"line":113,"column":4},"end":{"line":113,"column":37}},"29":{"start":{"line":115,"column":4},"end":{"line":115,"column":51}},"30":{"start":{"line":116,"column":4},"end":{"line":116,"column":67}},"31":{"start":{"line":121,"column":0},"end":{"line":156,"column":3}},"32":{"start":{"line":122,"column":2},"end":{"line":155,"column":3}},"33":{"start":{"line":123,"column":19},"end":{"line":123,"column":29}},"34":{"start":{"line":124,"column":19},"end":{"line":137,"column":12}},"35":{"start":{"line":138,"column":4},"end":{"line":140,"column":5}},"36":{"start":{"line":139,"column":6},"end":{"line":139,"column":66}},"37":{"start":{"line":141,"column":16},"end":{"line":141,"column":30}},"38":{"start":{"line":142,"column":18},"end":{"line":150,"column":5}},"39":{"start":{"line":151,"column":4},"end":{"line":151,"column":36}},"40":{"start":{"line":153,"column":4},"end":{"line":153,"column":51}},"41":{"start":{"line":154,"column":4},"end":{"line":154,"column":61}},"42":{"start":{"line":159,"column":0},"end":{"line":199,"column":3}},"43":{"start":{"line":160,"column":2},"end":{"line":198,"column":3}},"44":{"start":{"line":161,"column":19},"end":{"line":161,"column":29}},"45":{"start":{"line":162,"column":23},"end":{"line":162,"column":31}},"46":{"start":{"line":164,"column":19},"end":{"line":164,"column":108}},"47":{"start":{"line":165,"column":4},"end":{"line":167,"column":5}},"48":{"start":{"line":166,"column":6},"end":{"line":166,"column":87}},"49":{"start":{"line":168,"column":4},"end":{"line":168,"column":82}},"50":{"start":{"line":170,"column":20},"end":{"line":183,"column":12}},"51":{"start":{"line":184,"column":16},"end":{"line":184,"column":31}},"52":{"start":{"line":185,"column":18},"end":{"line":193,"column":5}},"53":{"start":{"line":194,"column":4},"end":{"line":194,"column":75}},"54":{"start":{"line":196,"column":4},"end":{"line":196,"column":48}},"55":{"start":{"line":197,"column":4},"end":{"line":197,"column":64}},"56":{"start":{"line":202,"column":0},"end":{"line":216,"column":3}},"57":{"start":{"line":203,"column":2},"end":{"line":215,"column":3}},"58":{"start":{"line":204,"column":19},"end":{"line":204,"column":29}},"59":{"start":{"line":206,"column":19},"end":{"line":206,"column":108}},"60":{"start":{"line":207,"column":4},"end":{"line":209,"column":5}},"61":{"start":{"line":208,"column":6},"end":{"line":208,"column":87}},"62":{"start":{"line":210,"column":4},"end":{"line":210,"column":63}},"63":{"start":{"line":211,"column":4},"end":{"line":211,"column":68}},"64":{"start":{"line":213,"column":4},"end":{"line":213,"column":48}},"65":{"start":{"line":214,"column":4},"end":{"line":214,"column":64}},"66":{"start":{"line":219,"column":0},"end":{"line":284,"column":3}},"67":{"start":{"line":220,"column":2},"end":{"line":283,"column":3}},"68":{"start":{"line":221,"column":4},"end":{"line":221,"column":50}},"69":{"start":{"line":222,"column":4},"end":{"line":222,"column":51}},"70":{"start":{"line":224,"column":31},"end":{"line":224,"column":39}},"71":{"start":{"line":226,"column":4},"end":{"line":228,"column":5}},"72":{"start":{"line":227,"column":6},"end":{"line":227,"column":82}},"73":{"start":{"line":231,"column":23},"end":{"line":231,"column":87}},"74":{"start":{"line":233,"column":4},"end":{"line":235,"column":5}},"75":{"start":{"line":234,"column":6},"end":{"line":234,"column":65}},"76":{"start":{"line":238,"column":23},"end":{"line":238,"column":91}},"77":{"start":{"line":240,"column":4},"end":{"line":242,"column":5}},"78":{"start":{"line":241,"column":6},"end":{"line":241,"column":65}},"79":{"start":{"line":245,"column":24},"end":{"line":248,"column":5}},"80":{"start":{"line":251,"column":27},"end":{"line":264,"column":32}},"81":{"start":{"line":266,"column":18},"end":{"line":274,"column":12}},"82":{"start":{"line":276,"column":4},"end":{"line":279,"column":7}},"83":{"start":{"line":281,"column":4},"end":{"line":281,"column":45}},"84":{"start":{"line":282,"column":4},"end":{"line":282,"column":79}},"85":{"start":{"line":286,"column":0},"end":{"line":286,"column":24}}},"fnMap":{"0":{"name":"(anonymous_0)","decl":{"start":{"line":8,"column":16},"end":{"line":8,"column":17}},"loc":{"start":{"line":8,"column":36},"end":{"line":40,"column":1}},"line":8},"1":{"name":"(anonymous_1)","decl":{"start":{"line":25,"column":35},"end":{"line":25,"column":36}},"loc":{"start":{"line":25,"column":43},"end":{"line":33,"column":5}},"line":25},"2":{"name":"(anonymous_2)","decl":{"start":{"line":43,"column":28},"end":{"line":43,"column":29}},"loc":{"start":{"line":43,"column":48},"end":{"line":80,"column":1}},"line":43},"3":{"name":"(anonymous_3)","decl":{"start":{"line":65,"column":35},"end":{"line":65,"column":36}},"loc":{"start":{"line":65,"column":43},"end":{"line":73,"column":5}},"line":65},"4":{"name":"(anonymous_4)","decl":{"start":{"line":83,"column":28},"end":{"line":83,"column":29}},"loc":{"start":{"line":83,"column":48},"end":{"line":118,"column":1}},"line":83},"5":{"name":"(anonymous_5)","decl":{"start":{"line":103,"column":35},"end":{"line":103,"column":36}},"loc":{"start":{"line":103,"column":43},"end":{"line":111,"column":5}},"line":103},"6":{"name":"(anonymous_6)","decl":{"start":{"line":121,"column":19},"end":{"line":121,"column":20}},"loc":{"start":{"line":121,"column":39},"end":{"line":156,"column":1}},"line":121},"7":{"name":"(anonymous_7)","decl":{"start":{"line":159,"column":32},"end":{"line":159,"column":33}},"loc":{"start":{"line":159,"column":52},"end":{"line":199,"column":1}},"line":159},"8":{"name":"(anonymous_8)","decl":{"start":{"line":202,"column":35},"end":{"line":202,"column":36}},"loc":{"start":{"line":202,"column":55},"end":{"line":216,"column":1}},"line":202},"9":{"name":"(anonymous_9)","decl":{"start":{"line":219,"column":30},"end":{"line":219,"column":31}},"loc":{"start":{"line":219,"column":50},"end":{"line":284,"column":1}},"line":219}},"branchMap":{"0":{"loc":{"start":{"line":46,"column":18},"end":{"line":46,"column":49}},"type":"binary-expr","locations":[{"start":{"line":46,"column":18},"end":{"line":46,"column":43}},{"start":{"line":46,"column":47},"end":{"line":46,"column":49}}],"line":46},"1":{"loc":{"start":{"line":138,"column":4},"end":{"line":140,"column":5}},"type":"if","locations":[{"start":{"line":138,"column":4},"end":{"line":140,"column":5}},{"start":{},"end":{}}],"line":138},"2":{"loc":{"start":{"line":165,"column":4},"end":{"line":167,"column":5}},"type":"if","locations":[{"start":{"line":165,"column":4},"end":{"line":167,"column":5}},{"start":{},"end":{}}],"line":165},"3":{"loc":{"start":{"line":207,"column":4},"end":{"line":209,"column":5}},"type":"if","locations":[{"start":{"line":207,"column":4},"end":{"line":209,"column":5}},{"start":{},"end":{}}],"line":207},"4":{"loc":{"start":{"line":226,"column":4},"end":{"line":228,"column":5}},"type":"if","locations":[{"start":{"line":226,"column":4},"end":{"line":228,"column":5}},{"start":{},"end":{}}],"line":226},"5":{"loc":{"start":{"line":226,"column":8},"end":{"line":226,"column":39}},"type":"binary-expr","locations":[{"start":{"line":226,"column":8},"end":{"line":226,"column":15}},{"start":{"line":226,"column":19},"end":{"line":226,"column":39}}],"line":226},"6":{"loc":{"start":{"line":233,"column":4},"end":{"line":235,"column":5}},"type":"if","locations":[{"start":{"line":233,"column":4},"end":{"line":235,"column":5}},{"start":{},"end":{}}],"line":233},"7":{"loc":{"start":{"line":240,"column":4},"end":{"line":242,"column":5}},"type":"if","locations":[{"start":{"line":240,"column":4},"end":{"line":242,"column":5}},{"start":{},"end":{}}],"line":240},"8":{"loc":{"start":{"line":266,"column":18},"end":{"line":274,"column":12}},"type":"cond-expr","locations":[{"start":{"line":266,"column":43},"end":{"line":274,"column":5}},{"start":{"line":274,"column":8},"end":{"line":274,"column":12}}],"line":266}},"s":{"0":3,"1":3,"2":3,"3":3,"4":3,"5":1,"6":1,"7":1,"8":1,"9":1,"10":0,"11":0,"12":3,"13":1,"14":1,"15":1,"16":1,"17":1,"18":1,"19":1,"20":0,"21":0,"22":3,"23":2,"24":2,"25":2,"26":2,"27":0,"28":2,"29":0,"30":0,"31":3,"32":1,"33":1,"34":1,"35":1,"36":1,"37":0,"38":0,"39":0,"40":0,"41":0,"42":3,"43":0,"44":0,"45":0,"46":0,"47":0,"48":0,"49":0,"50":0,"51":0,"52":0,"53":0,"54":0,"55":0,"56":3,"57":0,"58":0,"59":0,"60":0,"61":0,"62":0,"63":0,"64":0,"65":0,"66":3,"67":0,"68":0,"69":0,"70":0,"71":0,"72":0,"73":0,"74":0,"75":0,"76":0,"77":0,"78":0,"79":0,"80":0,"81":0,"82":0,"83":0,"84":0,"85":3},"f":{"0":1,"1":1,"2":1,"3":1,"4":2,"5":0,"6":1,"7":0,"8":0,"9":0},"b":{"0":[1,1],"1":[1,0],"2":[0,0],"3":[0,0],"4":[0,0],"5":[0,0],"6":[0,0],"7":[0,0],"8":[0,0]},"inputSourceMap":null,"_coverageSchema":"1a1c01bbd47fc00a2c39e90264f33305004495a9","hash":"55ec3efe4591f944ae0af86d5d934c61d03dc689"}
}
