TN:
SF:server.js
FN:33,(anonymous_0)
FN:38,startServer
FN:46,(anonymous_2)
FNF:3
FNH:0
FNDA:0,(anonymous_0)
FNDA:0,startServer
FNDA:0,(anonymous_2)
DA:1,0
DA:2,0
DA:3,0
DA:6,0
DA:9,0
DA:12,0
DA:13,0
DA:14,0
DA:17,0
DA:18,0
DA:21,0
DA:25,0
DA:28,0
DA:29,0
DA:30,0
DA:33,0
DA:34,0
DA:39,0
DA:40,0
DA:41,0
DA:43,0
DA:44,0
DA:46,0
DA:47,0
DA:50,0
DA:51,0
DA:56,0
LF:27
LH:0
BRDA:18,0,0,0
BRDA:18,0,1,0
BRF:2
BRH:0
end_of_record
TN:
SF:config\db.js
FN:23,testConnection
FN:38,initDb
FN:117,resetDb
FNF:3
FNH:0
FNDA:0,testConnection
FNDA:0,initDb
FNDA:0,resetDb
DA:1,3
DA:2,3
DA:3,3
DA:5,3
DA:8,3
DA:10,3
DA:16,0
DA:24,0
DA:25,0
DA:26,0
DA:27,0
DA:28,0
DA:29,0
DA:30,0
DA:32,0
DA:33,0
DA:39,0
DA:40,0
DA:41,0
DA:44,0
DA:56,0
DA:67,0
DA:78,0
DA:92,0
DA:93,0
DA:100,0
DA:101,0
DA:107,0
DA:108,0
DA:110,0
DA:111,0
DA:113,0
DA:118,0
DA:119,0
DA:120,0
DA:121,0
DA:122,0
DA:123,0
DA:125,0
DA:126,0
DA:131,0
DA:132,0
DA:137,0
DA:139,0
DA:140,0
DA:142,0
DA:146,3
LF:47
LH:7
BRDA:8,0,0,3
BRDA:8,0,1,0
BRDA:11,1,0,3
BRDA:11,1,1,3
BRDA:12,2,0,0
BRDA:12,2,1,3
BRDA:26,3,0,0
BRDA:26,3,1,0
BRF:8
BRH:4
end_of_record
TN:
SF:middleware\auth.middleware.js
FN:3,(anonymous_0)
FN:26,(anonymous_1)
FNF:2
FNH:2
FNDA:14,(anonymous_0)
FNDA:5,(anonymous_1)
DA:1,3
DA:3,3
DA:4,14
DA:6,14
DA:7,1
DA:10,13
DA:11,13
DA:14,12
DA:15,12
DA:18,12
DA:20,12
DA:22,1
DA:26,3
DA:27,5
DA:28,0
DA:30,5
DA:33,3
LF:17
LH:16
BRDA:6,0,0,1
BRDA:6,0,1,13
BRDA:27,1,0,0
BRDA:27,1,1,5
BRF:4
BRH:3
end_of_record
TN:
SF:routes\auth.routes.js
FN:10,(anonymous_0)
FN:65,(anonymous_1)
FN:124,(anonymous_2)
FN:149,(anonymous_3)
FN:160,(anonymous_4)
FN:173,(anonymous_5)
FN:210,(anonymous_6)
FNF:7
FNH:2
FNDA:0,(anonymous_0)
FNDA:14,(anonymous_1)
FNDA:7,(anonymous_2)
FNDA:0,(anonymous_3)
FNDA:0,(anonymous_4)
FNDA:0,(anonymous_5)
FNDA:0,(anonymous_6)
DA:1,3
DA:2,3
DA:3,3
DA:4,3
DA:5,3
DA:7,3
DA:10,3
DA:11,0
DA:12,0
DA:14,0
DA:15,0
DA:19,0
DA:20,0
DA:22,0
DA:23,0
DA:24,0
DA:28,0
DA:30,0
DA:31,0
DA:32,0
DA:36,0
DA:39,0
DA:44,0
DA:47,0
DA:53,0
DA:59,0
DA:60,0
DA:65,3
DA:66,14
DA:67,14
DA:69,14
DA:71,14
DA:72,0
DA:73,0
DA:76,14
DA:79,14
DA:81,14
DA:83,14
DA:85,14
DA:86,2
DA:87,2
DA:90,12
DA:93,12
DA:95,12
DA:97,12
DA:98,0
DA:99,0
DA:103,12
DA:110,12
DA:112,12
DA:118,0
DA:119,0
DA:124,3
DA:125,7
DA:126,7
DA:128,7
DA:133,7
DA:135,7
DA:136,0
DA:139,7
DA:141,0
DA:142,0
DA:149,3
DA:150,0
DA:151,0
DA:153,0
DA:157,0
DA:160,0
DA:161,0
DA:162,0
DA:165,0
DA:167,0
DA:168,0
DA:173,3
DA:174,0
DA:175,0
DA:178,0
DA:179,0
DA:182,0
DA:184,0
DA:189,0
DA:190,0
DA:191,0
DA:195,0
DA:200,0
DA:202,0
DA:204,0
DA:205,0
DA:210,3
DA:211,0
DA:212,0
DA:213,0
DA:215,0
DA:216,0
DA:220,0
DA:221,0
DA:224,0
DA:226,0
DA:231,0
DA:232,0
DA:233,0
DA:237,0
DA:242,0
DA:247,0
DA:249,0
DA:254,0
DA:255,0
DA:259,3
LF:108
LH:37
BRDA:14,0,0,0
BRDA:14,0,1,0
BRDA:14,1,0,0
BRDA:14,1,1,0
BRDA:14,1,2,0
BRDA:22,2,0,0
BRDA:22,2,1,0
BRDA:30,3,0,0
BRDA:30,3,1,0
BRDA:71,4,0,0
BRDA:71,4,1,14
BRDA:71,5,0,14
BRDA:71,5,1,14
BRDA:85,6,0,2
BRDA:85,6,1,12
BRDA:97,7,0,0
BRDA:97,7,1,12
BRDA:135,8,0,0
BRDA:135,8,1,7
BRDA:178,9,0,0
BRDA:178,9,1,0
BRDA:189,10,0,0
BRDA:189,10,1,0
BRDA:215,11,0,0
BRDA:215,11,1,0
BRDA:215,12,0,0
BRDA:215,12,1,0
BRDA:220,13,0,0
BRDA:220,13,1,0
BRDA:231,14,0,0
BRDA:231,14,1,0
BRF:31
BRH:7
end_of_record
TN:
SF:routes\game.routes.js
FN:8,(anonymous_0)
FN:19,(anonymous_1)
FN:34,(anonymous_2)
FN:58,(anonymous_3)
FN:82,(anonymous_4)
FNF:5
FNH:5
FNDA:1,(anonymous_0)
FNDA:3,(anonymous_1)
FNDA:3,(anonymous_2)
FNDA:1,(anonymous_3)
FNDA:1,(anonymous_4)
DA:1,3
DA:2,3
DA:3,3
DA:5,3
DA:8,3
DA:9,1
DA:10,1
DA:11,1
DA:13,0
DA:14,0
DA:19,3
DA:20,3
DA:21,3
DA:22,3
DA:23,3
DA:24,2
DA:26,1
DA:28,0
DA:29,0
DA:34,3
DA:35,3
DA:36,3
DA:37,3
DA:38,0
DA:41,3
DA:42,3
DA:43,2
DA:45,1
DA:49,1
DA:50,1
DA:52,0
DA:53,0
DA:58,3
DA:59,1
DA:60,1
DA:61,1
DA:62,1
DA:63,0
DA:65,1
DA:66,1
DA:67,0
DA:69,1
DA:73,1
DA:74,1
DA:76,0
DA:77,0
DA:82,3
DA:83,1
DA:84,1
DA:85,1
DA:86,1
DA:87,0
DA:89,1
DA:90,1
DA:92,0
DA:93,0
DA:97,3
LF:57
LH:43
BRDA:23,0,0,2
BRDA:23,0,1,1
BRDA:37,1,0,0
BRDA:37,1,1,3
BRDA:37,2,0,3
BRDA:37,2,1,3
BRDA:42,3,0,2
BRDA:42,3,1,1
BRDA:47,4,0,1
BRDA:47,4,1,0
BRDA:47,5,0,1
BRDA:47,5,1,0
BRDA:62,6,0,0
BRDA:62,6,1,1
BRDA:66,7,0,0
BRDA:66,7,1,1
BRDA:71,8,0,1
BRDA:71,8,1,0
BRDA:71,9,0,1
BRDA:71,9,1,0
BRDA:86,10,0,0
BRDA:86,10,1,1
BRF:22
BRH:14
end_of_record
TN:
SF:routes\score.routes.js
FN:8,(anonymous_0)
FN:25,(anonymous_1)
FN:43,(anonymous_2)
FN:65,(anonymous_3)
FN:83,(anonymous_4)
FN:103,(anonymous_5)
FN:121,(anonymous_6)
FN:159,(anonymous_7)
FN:202,(anonymous_8)
FN:219,(anonymous_9)
FNF:10
FNH:6
FNDA:1,(anonymous_0)
FNDA:1,(anonymous_1)
FNDA:1,(anonymous_2)
FNDA:1,(anonymous_3)
FNDA:2,(anonymous_4)
FNDA:0,(anonymous_5)
FNDA:1,(anonymous_6)
FNDA:0,(anonymous_7)
FNDA:0,(anonymous_8)
FNDA:0,(anonymous_9)
DA:1,3
DA:2,3
DA:3,3
DA:5,3
DA:8,3
DA:9,1
DA:10,1
DA:25,1
DA:35,1
DA:37,0
DA:38,0
DA:43,3
DA:44,1
DA:45,1
DA:46,1
DA:48,1
DA:65,1
DA:75,1
DA:77,0
DA:78,0
DA:83,3
DA:84,2
DA:85,2
DA:87,2
DA:103,2
DA:113,2
DA:115,0
DA:116,0
DA:121,3
DA:122,1
DA:123,1
DA:124,1
DA:138,1
DA:139,1
DA:141,0
DA:142,0
DA:151,0
DA:153,0
DA:154,0
DA:159,3
DA:160,0
DA:161,0
DA:162,0
DA:164,0
DA:165,0
DA:166,0
DA:168,0
DA:170,0
DA:184,0
DA:185,0
DA:194,0
DA:196,0
DA:197,0
DA:202,3
DA:203,0
DA:204,0
DA:206,0
DA:207,0
DA:208,0
DA:210,0
DA:211,0
DA:213,0
DA:214,0
DA:219,3
DA:220,0
DA:221,0
DA:222,0
DA:224,0
DA:226,0
DA:227,0
DA:231,0
DA:233,0
DA:234,0
DA:238,0
DA:240,0
DA:241,0
DA:245,0
DA:251,0
DA:266,0
DA:276,0
DA:281,0
DA:282,0
DA:286,3
LF:83
LH:32
BRDA:46,0,0,1
BRDA:46,0,1,1
BRDA:138,1,0,1
BRDA:138,1,1,0
BRDA:165,2,0,0
BRDA:165,2,1,0
BRDA:207,3,0,0
BRDA:207,3,1,0
BRDA:226,4,0,0
BRDA:226,4,1,0
BRDA:226,5,0,0
BRDA:226,5,1,0
BRDA:233,6,0,0
BRDA:233,6,1,0
BRDA:240,7,0,0
BRDA:240,7,1,0
BRDA:266,8,0,0
BRDA:266,8,1,0
BRF:18
BRH:3
end_of_record
